# JRE version: Java(TM) SE Runtime Environment (8.0_25-b18) (build 1.8.0_25-b18)
# Java VM: Java HotSpot(TM) 64-Bit Server VM (25.25-b02 mixed mode windows-amd64 compressed oops)
Heap:
 PSYoungGen      total 384000K, used 229683K [0x00000000e0000000, 0x00000000f9200000, 0x0000000100000000)
  eden space 357376K, 64% used [0x00000000e0000000,0x00000000ee04cf50,0x00000000f5d00000)
  from space 26624K, 0% used [0x00000000f7800000,0x00000000f7800000,0x00000000f9200000)
  to   space 27136K, 0% used [0x00000000f5d00000,0x00000000f5d00000,0x00000000f7780000)
 ParOldGen       total 84992K, used 51603K [0x00000000a0000000, 0x00000000a5300000, 0x00000000e0000000)
  object space 84992K, 60% used [0x00000000a0000000,0x00000000a3264da0,0x00000000a5300000)
 Metaspace       used 71371K, capacity 74640K, committed 74880K, reserved 1114112K
  class space    used 9423K, capacity 10051K, committed 10112K, reserved 1048576K
GC Heap History (10 events):
Event: 1151.624 GC heap before
{Heap before GC invocations=20 (full 4):
 PSYoungGen      total 384512K, used 231021K [0x00000000e0000000, 0x00000000f9300000, 0x0000000100000000)
  eden space 357376K, 64% used [0x00000000e0000000,0x00000000ee19b528,0x00000000f5d00000)
  from space 27136K, 0% used [0x00000000f5d00000,0x00000000f5d00000,0x00000000f7780000)
  to   space 27648K, 0% used [0x00000000f7800000,0x00000000f7800000,0x00000000f9300000)
 ParOldGen       total 84992K, used 50694K [0x00000000a0000000, 0x00000000a5300000, 0x00000000e0000000)
  object space 84992K, 59% used [0x00000000a0000000,0x00000000a3181a78,0x00000000a5300000)
 Metaspace       used 68763K, capacity 71580K, committed 71808K, reserved 1112064K
  class space    used 9197K, capacity 9775K, committed 9856K, reserved 1048576K
Event: 1151.632 GC heap after
Heap after GC invocations=20 (full 4):
 PSYoungGen      total 384000K, used 1911K [0x00000000e0000000, 0x00000000f9200000, 0x0000000100000000)
  eden space 357376K, 0% used [0x00000000e0000000,0x00000000e0000000,0x00000000f5d00000)
  from space 26624K, 7% used [0x00000000f7800000,0x00000000f79dde40,0x00000000f9200000)
  to   space 27136K, 0% used [0x00000000f5d00000,0x00000000f5d00000,0x00000000f7780000)
 ParOldGen       total 84992K, used 50702K [0x00000000a0000000, 0x00000000a5300000, 0x00000000e0000000)
  object space 84992K, 59% used [0x00000000a0000000,0x00000000a3183a78,0x00000000a5300000)
 Metaspace       used 68763K, capacity 71580K, committed 71808K, reserved 1112064K
  class space    used 9197K, capacity 9775K, committed 9856K, reserved 1048576K
}
Event: 1151.633 GC heap before
{Heap before GC invocations=21 (full 5):
 PSYoungGen      total 384000K, used 1911K [0x00000000e0000000, 0x00000000f9200000, 0x0000000100000000)
  eden space 357376K, 0% used [0x00000000e0000000,0x00000000e0000000,0x00000000f5d00000)
  from space 26624K, 7% used [0x00000000f7800000,0x00000000f79dde40,0x00000000f9200000)
  to   space 27136K, 0% used [0x00000000f5d00000,0x00000000f5d00000,0x00000000f7780000)
 ParOldGen       total 84992K, used 50702K [0x00000000a0000000, 0x00000000a5300000, 0x00000000e0000000)
  object space 84992K, 59% used [0x00000000a0000000,0x00000000a3183a78,0x00000000a5300000)
 Metaspace       used 68763K, capacity 71580K, committed 71808K, reserved 1112064K
  class space    used 9197K, capacity 9775K, committed 9856K, reserved 1048576K
Event: 1152.128 GC heap after
Heap after GC invocations=21 (full 5):
 PSYoungGen      total 384000K, used 0K [0x00000000e0000000, 0x00000000f9200000, 0x0000000100000000)
  eden space 357376K, 0% used [0x00000000e0000000,0x00000000e0000000,0x00000000f5d00000)
  from space 26624K, 0% used [0x00000000f7800000,0x00000000f7800000,0x00000000f9200000)
  to   space 27136K, 0% used [0x00000000f5d00000,0x00000000f5d00000,0x00000000f7780000)
 ParOldGen       total 84992K, used 52146K [0x00000000a0000000, 0x00000000a5300000, 0x00000000e0000000)
  object space 84992K, 61% used [0x00000000a0000000,0x00000000a32ecad0,0x00000000a5300000)
 Metaspace       used 68763K, capacity 71580K, committed 71808K, reserved 1112064K
  class space    used 9197K, capacity 9775K, committed 9856K, reserved 1048576K
}
Event: 1348.623 GC heap before
{Heap before GC invocations=22 (full 5):
 PSYoungGen      total 384000K, used 357376K [0x00000000e0000000, 0x00000000f9200000, 0x0000000100000000)
  eden space 357376K, 100% used [0x00000000e0000000,0x00000000f5d00000,0x00000000f5d00000)
  from space 26624K, 0% used [0x00000000f7800000,0x00000000f7800000,0x00000000f9200000)
  to   space 27136K, 0% used [0x00000000f5d00000,0x00000000f5d00000,0x00000000f7780000)
 ParOldGen       total 84992K, used 52146K [0x00000000a0000000, 0x00000000a5300000, 0x00000000e0000000)
  object space 84992K, 61% used [0x00000000a0000000,0x00000000a32ecad0,0x00000000a5300000)
 Metaspace       used 69601K, capacity 72618K, committed 72832K, reserved 1112064K
  class space    used 9244K, capacity 9842K, committed 9856K, reserved 1048576K
Event: 1348.635 GC heap after
Heap after GC invocations=22 (full 5):
 PSYoungGen      total 384512K, used 6918K [0x00000000e0000000, 0x00000000f9200000, 0x0000000100000000)
  eden space 357376K, 0% used [0x00000000e0000000,0x00000000e0000000,0x00000000f5d00000)
  from space 27136K, 25% used [0x00000000f5d00000,0x00000000f63c1a80,0x00000000f7780000)
  to   space 26624K, 0% used [0x00000000f7800000,0x00000000f7800000,0x00000000f9200000)
 ParOldGen       total 84992K, used 52154K [0x00000000a0000000, 0x00000000a5300000, 0x00000000e0000000)
  object space 84992K, 61% used [0x00000000a0000000,0x00000000a32eead0,0x00000000a5300000)
 Metaspace       used 69601K, capacity 72618K, committed 72832K, reserved 1112064K
  class space    used 9244K, capacity 9842K, committed 9856K, reserved 1048576K
}
Event: 1349.396 GC heap before
{Heap before GC invocations=23 (full 5):
 PSYoungGen      total 384512K, used 27319K [0x00000000e0000000, 0x00000000f9200000, 0x0000000100000000)
  eden space 357376K, 5% used [0x00000000e0000000,0x00000000e13ec1c0,0x00000000f5d00000)
  from space 27136K, 25% used [0x00000000f5d00000,0x00000000f63c1a80,0x00000000f7780000)
  to   space 26624K, 0% used [0x00000000f7800000,0x00000000f7800000,0x00000000f9200000)
 ParOldGen       total 84992K, used 52154K [0x00000000a0000000, 0x00000000a5300000, 0x00000000e0000000)
  object space 84992K, 61% used [0x00000000a0000000,0x00000000a32eead0,0x00000000a5300000)
 Metaspace       used 69910K, capacity 73004K, committed 73088K, reserved 1112064K
  class space    used 9277K, capacity 9853K, committed 9856K, reserved 1048576K
Event: 1349.400 GC heap after
Heap after GC invocations=23 (full 5):
 PSYoungGen      total 384000K, used 1127K [0x00000000e0000000, 0x00000000f9200000, 0x0000000100000000)
  eden space 357376K, 0% used [0x00000000e0000000,0x00000000e0000000,0x00000000f5d00000)
  from space 26624K, 4% used [0x00000000f7800000,0x00000000f7919c70,0x00000000f9200000)
  to   space 27136K, 0% used [0x00000000f5d00000,0x00000000f5d00000,0x00000000f7780000)
 ParOldGen       total 84992K, used 52162K [0x00000000a0000000, 0x00000000a5300000, 0x00000000e0000000)
  object space 84992K, 61% used [0x00000000a0000000,0x00000000a32f0ad0,0x00000000a5300000)
 Metaspace       used 69910K, capacity 73004K, committed 73088K, reserved 1112064K
  class space    used 9277K, capacity 9853K, committed 9856K, reserved 1048576K
}
Event: 1349.400 GC heap before
{Heap before GC invocations=24 (full 6):
 PSYoungGen      total 384000K, used 1127K [0x00000000e0000000, 0x00000000f9200000, 0x0000000100000000)
  eden space 357376K, 0% used [0x00000000e0000000,0x00000000e0000000,0x00000000f5d00000)
  from space 26624K, 4% used [0x00000000f7800000,0x00000000f7919c70,0x00000000f9200000)
  to   space 27136K, 0% used [0x00000000f5d00000,0x00000000f5d00000,0x00000000f7780000)
 ParOldGen       total 84992K, used 52162K [0x00000000a0000000, 0x00000000a5300000, 0x00000000e0000000)
  object space 84992K, 61% used [0x00000000a0000000,0x00000000a32f0ad0,0x00000000a5300000)
 Metaspace       used 69910K, capacity 73004K, committed 73088K, reserved 1112064K
  class space    used 9277K, capacity 9853K, committed 9856K, reserved 1048576K
Event: 1349.826 GC heap after
Heap after GC invocations=24 (full 6):
 PSYoungGen      total 384000K, used 0K [0x00000000e0000000, 0x00000000f9200000, 0x0000000100000000)
  eden space 357376K, 0% used [0x00000000e0000000,0x00000000e0000000,0x00000000f5d00000)
  from space 26624K, 0% used [0x00000000f7800000,0x00000000f7800000,0x00000000f9200000)
  to   space 27136K, 0% used [0x00000000f5d00000,0x00000000f5d00000,0x00000000f7780000)
 ParOldGen       total 84992K, used 51603K [0x00000000a0000000, 0x00000000a5300000, 0x00000000e0000000)
  object space 84992K, 60% used [0x00000000a0000000,0x00000000a3264da0,0x00000000a5300000)
 Metaspace       used 69910K, capacity 73004K, committed 73088K, reserved 1112064K
  class space    used 9277K, capacity 9853K, committed 9856K, reserved 1048576K
}

